Request method:	GET
Request URI:	https://postman-echo.com/get
Proxy:			<none>
Request params:	<none>
Query params:	<none>
Form params:	<none>
Path params:	<none>
Headers:		Accept=*/*
Cookies:		<none>
Multiparts:		<none>
Body:			<none>
HTTP/1.1 200 OK
Date: Mon, 11 Dec 2023 13:42:43 GMT
Content-Type: application/json; charset=utf-8
Content-Length: 360
Connection: keep-alive
ETag: W/"168-bBZ9TrPPartVBVGkn/Ocmewl+qc"
set-cookie: sails.sid=s%3AMzBCG2HehM1DOKykvsPZG4dn4MTwR4rI.MITCPXepkwUNMgXjf7YoxoK%2BdHGAZmuVBjexiG1hDqg; Path=/; HttpOnly

{
    "args": {
        
    },
    "headers": {
        "x-forwarded-proto": "https",
        "x-forwarded-port": "443",
        "host": "postman-echo.com",
        "x-amzn-trace-id": "Root=1-657711d3-192a5ed511b813be302b10c5",
        "accept": "*/*",
        "user-agent": "Apache-HttpClient/4.5.13 (Java/17.0.6)",
        "accept-encoding": "gzip,deflate"
    },
    "url": "https://postman-echo.com/get"
}
